Mplus VERSION 8.6 (Mac)
MUTHEN & MUTHEN
09/19/2024   6:17 PM

INPUT INSTRUCTIONS

  TITLE: Multilevel Two-Factor Model;

  DATA:
    FILE = "/Users/corrado/Documents/bipolar_continuum/data/mplus_data/neff.dat";

  VARIABLE:
    NAMES = user_id day time pos_1 neg_1 pos_2 neg_2 neg_3 pos_3 pos_4 neg_4;
    USEVARIABLES = pos_1 neg_1 pos_2 neg_2 neg_3 pos_3 pos_4 neg_4;
    CLUSTER = user_id;  ! Clustering at the subject level

  MISSING = .;

  ANALYSIS:
    TYPE = TWOLEVEL;  ! Multilevel model with user_id as the cluster
    ESTIMATOR = MLR;  ! Maximum likelihood estimation with robust standard errors

  MODEL:
    %WITHIN%  ! Level 1: Variation within subjects
      Positive_w BY pos_1 pos_2 pos_3 pos_4;  ! First factor (positive items)
      Negative_w BY neg_1 neg_2 neg_3 neg_4;  ! Second factor (negative items)
      Positive_w WITH Negative_w;  ! Correlate the factors within subjects

    %BETWEEN%  ! Level 2: Between-subject variation
      Positive_b BY pos_1 pos_2 pos_3 pos_4;  ! First factor (positive items)
      Negative_b BY neg_1 neg_2 neg_3 neg_4;  ! Second factor (negative items)
      Positive_b WITH Negative_b;  ! Correlate the factors between subjects

  OUTPUT:
    TECH1 TECH8 STANDARDIZED MODINDICES;



*** WARNING
  One or more individual-level variables have no variation within a
  cluster for the following clusters.

     Variable   Cluster IDs with no within-cluster variation

      POS_1       3 156 316 169 163 273 485 71
      NEG_1       341 352 3 156 316 6 485 294 28 285
      POS_2       313 58 3 405 390 171 97 258 398 206 106 105 273 6 184 492 166 14 274 473 475
                  89 165 277 471 372 45 284 145 122 148 414 292 29 123
      NEG_2       3 156 316 169 184 89 28 375
      NEG_3       224 341 3 156 125 273 197 137 285
      POS_3       156 169 237 191
      POS_4       224 3 156 316 375 252
      NEG_4       325 352

   1 WARNING(S) FOUND IN THE INPUT INSTRUCTIONS



Multilevel Two-Factor Model;

SUMMARY OF ANALYSIS

Number of groups                                                 1
Number of observations                                       19400

Number of dependent variables                                    8
Number of independent variables                                  0
Number of continuous latent variables                            4

Observed dependent variables

  Continuous
   POS_1       NEG_1       POS_2       NEG_2       NEG_3       POS_3
   POS_4       NEG_4

Continuous latent variables
   POSITIVE    NEGATIVE    POSITIVE    NEGATIVE

Variables with special functions

  Cluster variable      USER_ID

Estimator                                                      MLR
Information matrix                                        OBSERVED
Maximum number of iterations                                   100
Convergence criterion                                    0.100D-05
Maximum number of EM iterations                                500
Convergence criteria for the EM algorithm
  Loglikelihood change                                   0.100D-02
  Relative loglikelihood change                          0.100D-05
  Derivative                                             0.100D-03
Minimum variance                                         0.100D-03
Maximum number of steepest descent iterations                   20
Maximum number of iterations for H1                           2000
Convergence criterion for H1                             0.100D-03
Optimization algorithm                                         EMA

Input data file(s)
  /Users/corrado/Documents/bipolar_continuum/data/mplus_data/neff.dat
Input data format  FREE


SUMMARY OF DATA

     Number of missing data patterns             1
     Number of clusters                        495

     Average cluster size       39.192

     Estimated Intraclass Correlations for the Y Variables

                Intraclass              Intraclass              Intraclass
     Variable  Correlation   Variable  Correlation   Variable  Correlation

     POS_1        0.422      NEG_1        0.515      POS_2        0.566
     NEG_2        0.504      NEG_3        0.519      POS_3        0.423
     POS_4        0.449      NEG_4        0.407



COVARIANCE COVERAGE OF DATA

Minimum covariance coverage value   0.100


     PROPORTION OF DATA PRESENT


           Covariance Coverage
              POS_1         NEG_1         POS_2         NEG_2         NEG_3
              ________      ________      ________      ________      ________
 POS_1          1.000
 NEG_1          1.000         1.000
 POS_2          1.000         1.000         1.000
 NEG_2          1.000         1.000         1.000         1.000
 NEG_3          1.000         1.000         1.000         1.000         1.000
 POS_3          1.000         1.000         1.000         1.000         1.000
 POS_4          1.000         1.000         1.000         1.000         1.000
 NEG_4          1.000         1.000         1.000         1.000         1.000


           Covariance Coverage
              POS_3         POS_4         NEG_4
              ________      ________      ________
 POS_3          1.000
 POS_4          1.000         1.000
 NEG_4          1.000         1.000         1.000



UNIVARIATE SAMPLE STATISTICS


     UNIVARIATE HIGHER-ORDER MOMENT DESCRIPTIVE STATISTICS

         Variable/         Mean/     Skewness/   Minimum/ % with                Percentiles
        Sample Size      Variance    Kurtosis    Maximum  Min/Max      20%/60%    40%/80%    Median

     POS_1                 0.883      -0.777      -3.000    2.42%      -1.000      1.000      1.000
           19400.000       2.322      -0.274       3.000    9.96%       2.000      2.000
     NEG_1                 3.827      -0.483       0.000    4.03%       2.000      4.000      4.000
           19400.000       3.393      -1.065       6.000   21.68%       5.000      6.000
     POS_2                 1.280      -1.022      -3.000    3.74%      -1.000      1.000      2.000
           19400.000       2.885       0.061       3.000   26.97%       2.000      3.000
     NEG_2                 3.042       0.069       0.000    7.88%       1.000      2.000      2.000
           19400.000       3.553      -1.322       6.000   10.94%       4.000      5.000
     NEG_3                 3.744      -0.414       0.000    4.35%       2.000      4.000      4.000
           19400.000       3.445      -1.140       6.000   20.53%       5.000      6.000
     POS_3                 0.949      -0.851      -3.000    1.89%      -1.000      1.000      1.000
           19400.000       2.202      -0.111       3.000    9.73%       2.000      2.000
     POS_4                 0.657      -0.599      -3.000    3.82%      -1.000      1.000      1.000
           19400.000       2.681      -0.731       3.000    8.59%       1.000      2.000
     NEG_4                 2.535       0.543       0.000    6.86%       1.000      2.000      2.000
           19400.000       2.778      -0.819       6.000    5.23%       2.000      4.000


THE MODEL ESTIMATION TERMINATED NORMALLY



MODEL FIT INFORMATION

Number of Free Parameters                       42

Loglikelihood

          H0 Value                     -244614.022
          H0 Scaling Correction Factor      3.9813
            for MLR
          H1 Value                     -244164.867
          H1 Scaling Correction Factor      2.9663
            for MLR

Information Criteria

          Akaike (AIC)                  489312.043
          Bayesian (BIC)                489642.710
          Sample-Size Adjusted BIC      489509.236
            (n* = (n + 2) / 24)

Chi-Square Test of Model Fit

          Value                            487.027*
          Degrees of Freedom                    38
          P-Value                           0.0000
          Scaling Correction Factor         1.8445
            for MLR

*   The chi-square value for MLM, MLMV, MLR, ULSMV, WLSM and WLSMV cannot be used
    for chi-square difference testing in the regular way.  MLM, MLR and WLSM
    chi-square difference testing is described on the Mplus website.  MLMV, WLSMV,
    and ULSMV difference testing is done using the DIFFTEST option.

RMSEA (Root Mean Square Error Of Approximation)

          Estimate                           0.025

CFI/TLI

          CFI                                0.963
          TLI                                0.946

Chi-Square Test of Model Fit for the Baseline Model

          Value                          12221.057
          Degrees of Freedom                    56
          P-Value                           0.0000

SRMR (Standardized Root Mean Square Residual)

          Value for Within                   0.024
          Value for Between                  0.049



MODEL RESULTS

                                                    Two-Tailed
                    Estimate       S.E.  Est./S.E.    P-Value

Within Level

 POSITIVE BY
    POS_1              1.000      0.000    999.000    999.000
    POS_2              0.413      0.040     10.315      0.000
    POS_3              0.899      0.029     31.161      0.000
    POS_4              1.066      0.024     43.592      0.000

 NEGATIVE BY
    NEG_1              1.000      0.000    999.000    999.000
    NEG_2              0.835      0.025     33.273      0.000
    NEG_3              0.957      0.021     44.843      0.000
    NEG_4              0.397      0.028     14.147      0.000

 POSITIVE WITH
    NEGATIVE_W         0.556      0.028     19.813      0.000

 Variances
    POSITIVE_W         0.532      0.031     17.057      0.000
    NEGATIVE_W         0.853      0.041     20.594      0.000

 Residual Variances
    POS_1              0.819      0.030     27.618      0.000
    NEG_1              0.837      0.028     29.785      0.000
    POS_2              1.156      0.056     20.569      0.000
    NEG_2              1.167      0.035     33.810      0.000
    NEG_3              0.908      0.032     28.519      0.000
    POS_3              0.847      0.031     27.650      0.000
    POS_4              0.891      0.032     27.447      0.000
    NEG_4              1.526      0.043     35.238      0.000

Between Level

 POSITIVE BY
    POS_1              1.000      0.000    999.000    999.000
    POS_2              0.464      0.074      6.241      0.000
    POS_3              0.810      0.054     15.121      0.000
    POS_4              1.182      0.039     30.186      0.000

 NEGATIVE BY
    NEG_1              1.000      0.000    999.000    999.000
    NEG_2              0.839      0.032     26.040      0.000
    NEG_3              1.007      0.025     41.104      0.000
    NEG_4              0.229      0.048      4.778      0.000

 POSITIVE WITH
    NEGATIVE_B         0.933      0.073     12.806      0.000

 Intercepts
    POS_1              0.869      0.046     19.068      0.000
    NEG_1              3.784      0.061     61.941      0.000
    POS_2              1.276      0.058     22.020      0.000
    NEG_2              3.021      0.061     49.551      0.000
    NEG_3              3.705      0.062     60.152      0.000
    POS_3              0.944      0.044     21.258      0.000
    POS_4              0.636      0.051     12.558      0.000
    NEG_4              2.494      0.049     50.967      0.000

 Variances
    POSITIVE_B         0.803      0.073     10.974      0.000
    NEGATIVE_B         1.610      0.106     15.258      0.000

 Residual Variances
    POS_1              0.186      0.032      5.837      0.000
    NEG_1              0.182      0.039      4.726      0.000
    POS_2              1.452      0.103     14.055      0.000
    NEG_2              0.656      0.064     10.216      0.000
    NEG_3              0.190      0.038      5.026      0.000
    POS_3              0.409      0.043      9.432      0.000
    POS_4              0.102      0.035      2.942      0.003
    NEG_4              1.052      0.072     14.637      0.000


QUALITY OF NUMERICAL RESULTS

     Condition Number for the Information Matrix              0.959E-05
       (ratio of smallest to largest eigenvalue)


STANDARDIZED MODEL RESULTS


STDYX Standardization

                                                    Two-Tailed
                    Estimate       S.E.  Est./S.E.    P-Value

Within Level

 POSITIVE BY
    POS_1              0.627      0.013     47.966      0.000
    POS_2              0.270      0.023     11.522      0.000
    POS_3              0.580      0.013     43.890      0.000
    POS_4              0.636      0.013     47.920      0.000

 NEGATIVE BY
    NEG_1              0.711      0.010     68.898      0.000
    NEG_2              0.581      0.013     44.790      0.000
    NEG_3              0.680      0.011     59.137      0.000
    NEG_4              0.285      0.020     13.992      0.000

 POSITIVE WITH
    NEGATIVE_W         0.825      0.019     44.069      0.000

 Variances
    POSITIVE_W         1.000      0.000    999.000    999.000
    NEGATIVE_W         1.000      0.000    999.000    999.000

 Residual Variances
    POS_1              0.606      0.016     36.940      0.000
    NEG_1              0.495      0.015     33.782      0.000
    POS_2              0.927      0.013     73.273      0.000
    NEG_2              0.663      0.015     43.963      0.000
    NEG_3              0.538      0.016     34.414      0.000
    POS_3              0.664      0.015     43.278      0.000
    POS_4              0.596      0.017     35.344      0.000
    NEG_4              0.919      0.012     79.327      0.000

Between Level

 POSITIVE BY
    POS_1              0.901      0.018     51.121      0.000
    POS_2              0.326      0.051      6.385      0.000
    POS_3              0.751      0.032     23.334      0.000
    POS_4              0.957      0.014     66.514      0.000

 NEGATIVE BY
    NEG_1              0.948      0.012     81.371      0.000
    NEG_2              0.796      0.023     34.532      0.000
    NEG_3              0.947      0.011     85.361      0.000
    NEG_4              0.273      0.056      4.912      0.000

 POSITIVE WITH
    NEGATIVE_B         0.821      0.026     31.140      0.000

 Intercepts
    POS_1              0.873      0.066     13.194      0.000
    NEG_1              2.827      0.102     27.846      0.000
    POS_2              1.002      0.067     14.849      0.000
    NEG_2              2.259      0.073     30.958      0.000
    NEG_3              2.743      0.092     29.680      0.000
    POS_3              0.976      0.069     14.174      0.000
    POS_4              0.575      0.057     10.140      0.000
    NEG_4              2.340      0.071     32.780      0.000

 Variances
    POSITIVE_B         1.000      0.000    999.000    999.000
    NEGATIVE_B         1.000      0.000    999.000    999.000

 Residual Variances
    POS_1              0.188      0.032      5.922      0.000
    NEG_1              0.102      0.022      4.600      0.000
    POS_2              0.894      0.033     26.833      0.000
    NEG_2              0.367      0.037      9.990      0.000
    NEG_3              0.104      0.021      4.960      0.000
    POS_3              0.436      0.048      9.037      0.000
    POS_4              0.083      0.028      3.019      0.003
    NEG_4              0.926      0.030     30.577      0.000


STDY Standardization

                                                    Two-Tailed
                    Estimate       S.E.  Est./S.E.    P-Value

Within Level

 POSITIVE BY
    POS_1              0.627      0.013     47.966      0.000
    POS_2              0.270      0.023     11.522      0.000
    POS_3              0.580      0.013     43.890      0.000
    POS_4              0.636      0.013     47.920      0.000

 NEGATIVE BY
    NEG_1              0.711      0.010     68.898      0.000
    NEG_2              0.581      0.013     44.790      0.000
    NEG_3              0.680      0.011     59.137      0.000
    NEG_4              0.285      0.020     13.992      0.000

 POSITIVE WITH
    NEGATIVE_W         0.825      0.019     44.069      0.000

 Variances
    POSITIVE_W         1.000      0.000    999.000    999.000
    NEGATIVE_W         1.000      0.000    999.000    999.000

 Residual Variances
    POS_1              0.606      0.016     36.940      0.000
    NEG_1              0.495      0.015     33.782      0.000
    POS_2              0.927      0.013     73.273      0.000
    NEG_2              0.663      0.015     43.963      0.000
    NEG_3              0.538      0.016     34.414      0.000
    POS_3              0.664      0.015     43.278      0.000
    POS_4              0.596      0.017     35.344      0.000
    NEG_4              0.919      0.012     79.327      0.000

Between Level

 POSITIVE BY
    POS_1              0.901      0.018     51.121      0.000
    POS_2              0.326      0.051      6.385      0.000
    POS_3              0.751      0.032     23.334      0.000
    POS_4              0.957      0.014     66.514      0.000

 NEGATIVE BY
    NEG_1              0.948      0.012     81.371      0.000
    NEG_2              0.796      0.023     34.532      0.000
    NEG_3              0.947      0.011     85.361      0.000
    NEG_4              0.273      0.056      4.912      0.000

 POSITIVE WITH
    NEGATIVE_B         0.821      0.026     31.140      0.000

 Intercepts
    POS_1              0.873      0.066     13.194      0.000
    NEG_1              2.827      0.102     27.846      0.000
    POS_2              1.002      0.067     14.849      0.000
    NEG_2              2.259      0.073     30.958      0.000
    NEG_3              2.743      0.092     29.680      0.000
    POS_3              0.976      0.069     14.174      0.000
    POS_4              0.575      0.057     10.140      0.000
    NEG_4              2.340      0.071     32.780      0.000

 Variances
    POSITIVE_B         1.000      0.000    999.000    999.000
    NEGATIVE_B         1.000      0.000    999.000    999.000

 Residual Variances
    POS_1              0.188      0.032      5.922      0.000
    NEG_1              0.102      0.022      4.600      0.000
    POS_2              0.894      0.033     26.833      0.000
    NEG_2              0.367      0.037      9.990      0.000
    NEG_3              0.104      0.021      4.960      0.000
    POS_3              0.436      0.048      9.037      0.000
    POS_4              0.083      0.028      3.019      0.003
    NEG_4              0.926      0.030     30.577      0.000


STD Standardization

                                                    Two-Tailed
                    Estimate       S.E.  Est./S.E.    P-Value

Within Level

 POSITIVE BY
    POS_1              0.729      0.021     34.114      0.000
    POS_2              0.301      0.028     10.751      0.000
    POS_3              0.655      0.021     31.932      0.000
    POS_4              0.777      0.022     35.206      0.000

 NEGATIVE BY
    NEG_1              0.924      0.022     41.187      0.000
    NEG_2              0.771      0.024     32.506      0.000
    NEG_3              0.884      0.023     37.858      0.000
    NEG_4              0.367      0.028     13.041      0.000

 POSITIVE WITH
    NEGATIVE_W         0.825      0.019     44.069      0.000

 Variances
    POSITIVE_W         1.000      0.000    999.000    999.000
    NEGATIVE_W         1.000      0.000    999.000    999.000

 Residual Variances
    POS_1              0.819      0.030     27.618      0.000
    NEG_1              0.837      0.028     29.785      0.000
    POS_2              1.156      0.056     20.569      0.000
    NEG_2              1.167      0.035     33.810      0.000
    NEG_3              0.908      0.032     28.519      0.000
    POS_3              0.847      0.031     27.650      0.000
    POS_4              0.891      0.032     27.447      0.000
    NEG_4              1.526      0.043     35.238      0.000

Between Level

 POSITIVE BY
    POS_1              0.896      0.041     21.948      0.000
    POS_2              0.416      0.068      6.130      0.000
    POS_3              0.726      0.049     14.915      0.000
    POS_4              1.059      0.039     26.852      0.000

 NEGATIVE BY
    NEG_1              1.269      0.042     30.517      0.000
    NEG_2              1.064      0.048     22.055      0.000
    NEG_3              1.278      0.039     32.837      0.000
    NEG_4              0.291      0.061      4.728      0.000

 POSITIVE WITH
    NEGATIVE_B         0.821      0.026     31.140      0.000

 Intercepts
    POS_1              0.869      0.046     19.068      0.000
    NEG_1              3.784      0.061     61.941      0.000
    POS_2              1.276      0.058     22.020      0.000
    NEG_2              3.021      0.061     49.551      0.000
    NEG_3              3.705      0.062     60.152      0.000
    POS_3              0.944      0.044     21.258      0.000
    POS_4              0.636      0.051     12.558      0.000
    NEG_4              2.494      0.049     50.967      0.000

 Variances
    POSITIVE_B         1.000      0.000    999.000    999.000
    NEGATIVE_B         1.000      0.000    999.000    999.000

 Residual Variances
    POS_1              0.186      0.032      5.837      0.000
    NEG_1              0.182      0.039      4.726      0.000
    POS_2              1.452      0.103     14.055      0.000
    NEG_2              0.656      0.064     10.216      0.000
    NEG_3              0.190      0.038      5.026      0.000
    POS_3              0.409      0.043      9.432      0.000
    POS_4              0.102      0.035      2.942      0.003
    NEG_4              1.052      0.072     14.637      0.000


R-SQUARE

Within Level

    Observed                                        Two-Tailed
    Variable        Estimate       S.E.  Est./S.E.    P-Value

    POS_1              0.394      0.016     23.983      0.000
    NEG_1              0.505      0.015     34.449      0.000
    POS_2              0.073      0.013      5.761      0.000
    NEG_2              0.337      0.015     22.395      0.000
    NEG_3              0.462      0.016     29.569      0.000
    POS_3              0.336      0.015     21.945      0.000
    POS_4              0.404      0.017     23.960      0.000
    NEG_4              0.081      0.012      6.996      0.000

Between Level

    Observed                                        Two-Tailed
    Variable        Estimate       S.E.  Est./S.E.    P-Value

    POS_1              0.812      0.032     25.561      0.000
    NEG_1              0.898      0.022     40.685      0.000
    POS_2              0.106      0.033      3.192      0.001
    NEG_2              0.633      0.037     17.266      0.000
    NEG_3              0.896      0.021     42.680      0.000
    POS_3              0.564      0.048     11.667      0.000
    POS_4              0.917      0.028     33.257      0.000
    NEG_4              0.074      0.030      2.456      0.014


MODEL MODIFICATION INDICES

NOTE:  Modification indices for direct effects of observed dependent variables
regressed on covariates may not be included.  To include these, request
MODINDICES (ALL).

Minimum M.I. value for printing the modification index    10.000

                                   M.I.     E.P.C.  Std E.P.C.  StdYX E.P.C.

Within Level

BY Statements

POSITIVE BY NEG_1                 23.153    -0.336     -0.245       -0.188
POSITIVE BY NEG_3                 16.158     0.268      0.195        0.150
POSITIVE BY NEG_4                 11.350    -0.193     -0.141       -0.109
NEGATIVE BY POS_1                 29.250    -0.269     -0.248       -0.214
NEGATIVE BY POS_2                 73.456     0.335      0.309        0.277

WITH Statements

NEG_1    WITH POS_1               41.391    -0.074     -0.074       -0.089
POS_2    WITH POS_1               40.238    -0.072     -0.072       -0.074
POS_2    WITH NEG_1               37.542     0.071      0.071        0.072
NEG_2    WITH POS_1               16.749     0.049      0.049        0.050
NEG_2    WITH POS_2               23.158    -0.060     -0.060       -0.052
NEG_3    WITH POS_2               46.354     0.079      0.079        0.077
NEG_3    WITH NEG_2               15.932    -0.060     -0.060       -0.058
POS_3    WITH NEG_1               21.633     0.052      0.052        0.062
POS_3    WITH POS_2               24.036     0.054      0.054        0.055
POS_4    WITH POS_1               88.311     0.130      0.130        0.152
POS_4    WITH NEG_1               25.151    -0.061     -0.061       -0.070
POS_4    WITH POS_2               57.132    -0.090     -0.090       -0.088
POS_4    WITH POS_3               16.170    -0.051     -0.051       -0.059
NEG_4    WITH POS_1               53.908    -0.091     -0.091       -0.082
NEG_4    WITH NEG_1               25.153     0.070      0.070        0.062
NEG_4    WITH POS_3               23.767     0.060      0.060        0.053

Between Level

BY Statements

POSITIVE BY NEG_1                 21.561    -0.517     -0.464       -0.346
POSITIVE BY NEG_3                 15.892     0.447      0.401        0.297
NEGATIVE BY POS_3                 12.523     0.248      0.314        0.325

WITH Statements

NEG_2    WITH NEG_1               11.328     0.142      0.142        0.412
NEG_3    WITH NEG_2               22.110    -0.200     -0.200       -0.567
POS_3    WITH NEG_1               20.397     0.111      0.111        0.407
POS_3    WITH NEG_3               10.574    -0.081     -0.081       -0.291
POS_4    WITH POS_1               23.608     0.212      0.212        1.541


TECHNICAL 1 OUTPUT


     PARAMETER SPECIFICATION FOR WITHIN


           NU
              POS_1         NEG_1         POS_2         NEG_2         NEG_3
              ________      ________      ________      ________      ________
                    0             0             0             0             0


           NU
              POS_3         POS_4         NEG_4
              ________      ________      ________
                    0             0             0


           LAMBDA
              POSITIVE      NEGATIVE
              ________      ________
 POS_1              0             0
 NEG_1              0             0
 POS_2              1             0
 NEG_2              0             2
 NEG_3              0             3
 POS_3              4             0
 POS_4              5             0
 NEG_4              0             6


           THETA
              POS_1         NEG_1         POS_2         NEG_2         NEG_3
              ________      ________      ________      ________      ________
 POS_1              7
 NEG_1              0             8
 POS_2              0             0             9
 NEG_2              0             0             0            10
 NEG_3              0             0             0             0            11
 POS_3              0             0             0             0             0
 POS_4              0             0             0             0             0
 NEG_4              0             0             0             0             0


           THETA
              POS_3         POS_4         NEG_4
              ________      ________      ________
 POS_3             12
 POS_4              0            13
 NEG_4              0             0            14


           ALPHA
              POSITIVE      NEGATIVE
              ________      ________
                    0             0


           BETA
              POSITIVE      NEGATIVE
              ________      ________
 POSITIVE           0             0
 NEGATIVE           0             0


           PSI
              POSITIVE      NEGATIVE
              ________      ________
 POSITIVE          15
 NEGATIVE          16            17


     PARAMETER SPECIFICATION FOR BETWEEN


           NU
              POS_1         NEG_1         POS_2         NEG_2         NEG_3
              ________      ________      ________      ________      ________
                   18            19            20            21            22


           NU
              POS_3         POS_4         NEG_4
              ________      ________      ________
                   23            24            25


           LAMBDA
              POSITIVE      NEGATIVE
              ________      ________
 POS_1              0             0
 NEG_1              0             0
 POS_2             26             0
 NEG_2              0            27
 NEG_3              0            28
 POS_3             29             0
 POS_4             30             0
 NEG_4              0            31


           THETA
              POS_1         NEG_1         POS_2         NEG_2         NEG_3
              ________      ________      ________      ________      ________
 POS_1             32
 NEG_1              0            33
 POS_2              0             0            34
 NEG_2              0             0             0            35
 NEG_3              0             0             0             0            36
 POS_3              0             0             0             0             0
 POS_4              0             0             0             0             0
 NEG_4              0             0             0             0             0


           THETA
              POS_3         POS_4         NEG_4
              ________      ________      ________
 POS_3             37
 POS_4              0            38
 NEG_4              0             0            39


           ALPHA
              POSITIVE      NEGATIVE
              ________      ________
                    0             0


           BETA
              POSITIVE      NEGATIVE
              ________      ________
 POSITIVE           0             0
 NEGATIVE           0             0


           PSI
              POSITIVE      NEGATIVE
              ________      ________
 POSITIVE          40
 NEGATIVE          41            42


     STARTING VALUES FOR WITHIN


           NU
              POS_1         NEG_1         POS_2         NEG_2         NEG_3
              ________      ________      ________      ________      ________
                0.000         0.000         0.000         0.000         0.000


           NU
              POS_3         POS_4         NEG_4
              ________      ________      ________
                0.000         0.000         0.000


           LAMBDA
              POSITIVE      NEGATIVE
              ________      ________
 POS_1          1.000         0.000
 NEG_1          0.000         1.000
 POS_2          1.000         0.000
 NEG_2          0.000         1.000
 NEG_3          0.000         1.000
 POS_3          1.000         0.000
 POS_4          1.000         0.000
 NEG_4          0.000         1.000


           THETA
              POS_1         NEG_1         POS_2         NEG_2         NEG_3
              ________      ________      ________      ________      ________
 POS_1          1.161
 NEG_1          0.000         1.696
 POS_2          0.000         0.000         1.443
 NEG_2          0.000         0.000         0.000         1.776
 NEG_3          0.000         0.000         0.000         0.000         1.722
 POS_3          0.000         0.000         0.000         0.000         0.000
 POS_4          0.000         0.000         0.000         0.000         0.000
 NEG_4          0.000         0.000         0.000         0.000         0.000


           THETA
              POS_3         POS_4         NEG_4
              ________      ________      ________
 POS_3          1.101
 POS_4          0.000         1.340
 NEG_4          0.000         0.000         1.389


           ALPHA
              POSITIVE      NEGATIVE
              ________      ________
                0.000         0.000


           BETA
              POSITIVE      NEGATIVE
              ________      ________
 POSITIVE       0.000         0.000
 NEGATIVE       0.000         0.000


           PSI
              POSITIVE      NEGATIVE
              ________      ________
 POSITIVE       0.050
 NEGATIVE       0.000         0.050


     STARTING VALUES FOR BETWEEN


           NU
              POS_1         NEG_1         POS_2         NEG_2         NEG_3
              ________      ________      ________      ________      ________
                0.883         3.827         1.280         3.042         3.744


           NU
              POS_3         POS_4         NEG_4
              ________      ________      ________
                0.949         0.657         2.535


           LAMBDA
              POSITIVE      NEGATIVE
              ________      ________
 POS_1          1.000         0.000
 NEG_1          0.000         1.000
 POS_2          1.000         0.000
 NEG_2          0.000         1.000
 NEG_3          0.000         1.000
 POS_3          1.000         0.000
 POS_4          1.000         0.000
 NEG_4          0.000         1.000


           THETA
              POS_1         NEG_1         POS_2         NEG_2         NEG_3
              ________      ________      ________      ________      ________
 POS_1          1.161
 NEG_1          0.000         1.696
 POS_2          0.000         0.000         1.443
 NEG_2          0.000         0.000         0.000         1.776
 NEG_3          0.000         0.000         0.000         0.000         1.722
 POS_3          0.000         0.000         0.000         0.000         0.000
 POS_4          0.000         0.000         0.000         0.000         0.000
 NEG_4          0.000         0.000         0.000         0.000         0.000


           THETA
              POS_3         POS_4         NEG_4
              ________      ________      ________
 POS_3          1.101
 POS_4          0.000         1.340
 NEG_4          0.000         0.000         1.389


           ALPHA
              POSITIVE      NEGATIVE
              ________      ________
                0.000         0.000


           BETA
              POSITIVE      NEGATIVE
              ________      ________
 POSITIVE       0.000         0.000
 NEGATIVE       0.000         0.000


           PSI
              POSITIVE      NEGATIVE
              ________      ________
 POSITIVE       0.050
 NEGATIVE       0.000         0.050


TECHNICAL 8 OUTPUT


   E STEP  ITER  LOGLIKELIHOOD    ABS CHANGE   REL CHANGE  ALGORITHM
              1 -0.25745997D+06    0.0000000    0.0000000  EM
              2 -0.24464197D+06 ************    0.0497864  EM
              3 -0.24461522D+06   26.7426623    0.0001093  EM
              4 -0.24461412D+06    1.1078661    0.0000045  EM
              5 -0.24461403D+06    0.0869772    0.0000004  EM
              6 -0.24461402D+06    0.0077927    0.0000000  EM
              7 -0.24461402D+06    0.0007402    0.0000000  EM


   TECHNICAL 8 OUTPUT FOR THE H1 MODEL


   E STEP  ITER  LOGLIKELIHOOD    ABS CHANGE   REL CHANGE  ALGORITHM
              1 -0.24420152D+06    0.0000000    0.0000000  EM
              2 -0.24416575D+06   35.7746895    0.0001465  EM
              3 -0.24416494D+06    0.8006757    0.0000033  EM
              4 -0.24416487D+06    0.0699665    0.0000003  EM
              5 -0.24416487D+06    0.0067768    0.0000000  EM
              6 -0.24416487D+06    0.0006766    0.0000000  EM
              7 -0.24416487D+06    0.0000686    0.0000000  EM


   TECHNICAL 8 OUTPUT FOR THE BASELINE MODEL


   E STEP  ITER  LOGLIKELIHOOD    ABS CHANGE   REL CHANGE  ALGORITHM
              1 -0.25912094D+06    0.0000000    0.0000000  EM
              2 -0.25912093D+06    0.0120952    0.0000000  EM
              3 -0.25912093D+06    0.0000472    0.0000000  EM


     Beginning Time:  18:17:02
        Ending Time:  18:17:03
       Elapsed Time:  00:00:01



MUTHEN & MUTHEN
3463 Stoner Ave.
Los Angeles, CA  90066

Tel: (310) 391-9971
Fax: (310) 391-8971
Web: www.StatModel.com
Support: Support@StatModel.com

Copyright (c) 1998-2021 Muthen & Muthen
